[2024-03-22 13:31:14] [INFO] - 
Starting Simulation for dataset:air_pressure and steps: metric
[2024-03-22 13:31:14] [INFO] - 
Begin processing step: metric
start time: 2024_03_22_13_31_14
[2024-03-22 13:31:14] [INFO] - 
Created LOG file at: D:\Programming\PycharmProjects\ba\imbalanced_data\data\air_pressure\04_metric\2024_03_22_13_31_14\metric_log.log
[2024-03-22 13:31:14] [INFO] - Start processing data for dataset air_pressure and : metric
start time: 2024_03_22_13_31_14
[2024-03-22 13:31:15] [INFO] - hidden activation: relu
[2024-03-22 13:31:15] [INFO] - loss function nlll
[2024-03-22 13:31:16] [INFO] - hidden activation: relu
[2024-03-22 13:31:16] [INFO] - loss function nlll with weights (air_pressure)
[2024-03-22 13:31:16] [INFO] - hidden activation: relu
[2024-03-22 13:31:16] [INFO] - loss function nlll
[2024-03-22 13:31:16] [INFO] - hidden activation: relu
[2024-03-22 13:31:16] [INFO] - loss function nlll with weights (air_pressure)
[2024-03-22 13:31:16] [INFO] - 

Start calculating metrics for train_method: LogisticRegression | sampling_method: None
[2024-03-22 13:31:17] [INFO] - 

Start calculating metrics for train_method: LogisticRegression | sampling_method: RandomUnder
[2024-03-22 13:31:17] [INFO] - 

Start calculating metrics for train_method: LogisticRegression | sampling_method: ENN
[2024-03-22 13:31:17] [INFO] - 

Start calculating metrics for train_method: LogisticRegression | sampling_method: NCR
[2024-03-22 13:31:17] [INFO] - 

Start calculating metrics for train_method: LogisticRegression | sampling_method: TomekLinks
[2024-03-22 13:31:17] [INFO] - 

Start calculating metrics for train_method: LogisticRegression | sampling_method: RandomOver
[2024-03-22 13:31:17] [INFO] - 

Start calculating metrics for train_method: LogisticRegression | sampling_method: SMOTE
[2024-03-22 13:31:18] [INFO] - 

Start calculating metrics for train_method: LogisticRegression | sampling_method: ADASYS
[2024-03-22 13:31:18] [INFO] - 

Start calculating metrics for train_method: LogisticRegression | sampling_method: KMeansSMOTE
[2024-03-22 13:31:18] [INFO] - 

Start calculating metrics for train_method: LogisticRegression | sampling_method: SMOTE-TOMEK
[2024-03-22 13:31:18] [INFO] - 

Start calculating metrics for train_method: LogisticRegression | sampling_method: SMOTE-ENN
[2024-03-22 13:31:18] [INFO] - 

Start calculating metrics for train_method: SVM | sampling_method: None
[2024-03-22 13:31:18] [INFO] - 

Start calculating metrics for train_method: SVM | sampling_method: RandomUnder
[2024-03-22 13:31:19] [INFO] - 

Start calculating metrics for train_method: SVM | sampling_method: ENN
[2024-03-22 13:31:19] [INFO] - 

Start calculating metrics for train_method: SVM | sampling_method: NCR
[2024-03-22 13:31:19] [INFO] - 

Start calculating metrics for train_method: SVM | sampling_method: TomekLinks
[2024-03-22 13:31:19] [INFO] - 

Start calculating metrics for train_method: SVM | sampling_method: RandomOver
[2024-03-22 13:31:19] [INFO] - 

Start calculating metrics for train_method: SVM | sampling_method: SMOTE
[2024-03-22 13:31:19] [INFO] - 

Start calculating metrics for train_method: SVM | sampling_method: ADASYS
[2024-03-22 13:31:19] [INFO] - 

Start calculating metrics for train_method: SVM | sampling_method: KMeansSMOTE
[2024-03-22 13:31:19] [INFO] - 

Start calculating metrics for train_method: SVM | sampling_method: SMOTE-TOMEK
[2024-03-22 13:31:20] [INFO] - 

Start calculating metrics for train_method: SVM | sampling_method: SMOTE-ENN
[2024-03-22 13:31:20] [INFO] - 

Start calculating metrics for train_method: KNearestNeighbours | sampling_method: None
[2024-03-22 13:31:37] [INFO] - 

Start calculating metrics for train_method: KNearestNeighbours | sampling_method: RandomUnder
[2024-03-22 13:31:39] [INFO] - 

Start calculating metrics for train_method: KNearestNeighbours | sampling_method: ENN
[2024-03-22 13:31:57] [INFO] - 

Start calculating metrics for train_method: KNearestNeighbours | sampling_method: NCR
[2024-03-22 13:32:15] [INFO] - 

Start calculating metrics for train_method: KNearestNeighbours | sampling_method: TomekLinks
[2024-03-22 13:32:34] [INFO] - 

Start calculating metrics for train_method: KNearestNeighbours | sampling_method: RandomOver
[2024-03-22 13:33:07] [INFO] - 

Start calculating metrics for train_method: KNearestNeighbours | sampling_method: SMOTE
[2024-03-22 13:33:41] [INFO] - 

Start calculating metrics for train_method: KNearestNeighbours | sampling_method: ADASYS
[2024-03-22 13:34:15] [INFO] - 

Start calculating metrics for train_method: KNearestNeighbours | sampling_method: KMeansSMOTE
[2024-03-22 13:34:49] [INFO] - 

Start calculating metrics for train_method: KNearestNeighbours | sampling_method: SMOTE-TOMEK
[2024-03-22 13:35:23] [INFO] - 

Start calculating metrics for train_method: KNearestNeighbours | sampling_method: SMOTE-ENN
[2024-03-22 13:35:57] [INFO] - 

Start calculating metrics for train_method: RandomForest | sampling_method: None
[2024-03-22 13:35:58] [INFO] - 

Start calculating metrics for train_method: RandomForest | sampling_method: RandomUnder
[2024-03-22 13:35:59] [INFO] - 

Start calculating metrics for train_method: RandomForest | sampling_method: ENN
[2024-03-22 13:36:00] [INFO] - 

Start calculating metrics for train_method: RandomForest | sampling_method: NCR
[2024-03-22 13:36:00] [INFO] - 

Start calculating metrics for train_method: RandomForest | sampling_method: TomekLinks
[2024-03-22 13:36:01] [INFO] - 

Start calculating metrics for train_method: RandomForest | sampling_method: RandomOver
[2024-03-22 13:36:02] [INFO] - 

Start calculating metrics for train_method: RandomForest | sampling_method: SMOTE
[2024-03-22 13:36:03] [INFO] - 

Start calculating metrics for train_method: RandomForest | sampling_method: ADASYS
[2024-03-22 13:36:04] [INFO] - 

Start calculating metrics for train_method: RandomForest | sampling_method: KMeansSMOTE
[2024-03-22 13:36:05] [INFO] - 

Start calculating metrics for train_method: RandomForest | sampling_method: SMOTE-TOMEK
[2024-03-22 13:36:06] [INFO] - 

Start calculating metrics for train_method: RandomForest | sampling_method: SMOTE-ENN
[2024-03-22 13:36:07] [INFO] - 

Start calculating metrics for train_method: MLP | sampling_method: None
[2024-03-22 13:36:09] [INFO] - 

Start calculating metrics for train_method: MLP | sampling_method: RandomUnder
[2024-03-22 13:36:09] [INFO] - 

Start calculating metrics for train_method: MLP | sampling_method: ENN
[2024-03-22 13:36:09] [INFO] - 

Start calculating metrics for train_method: MLP | sampling_method: NCR
[2024-03-22 13:36:10] [INFO] - 

Start calculating metrics for train_method: MLP | sampling_method: TomekLinks
[2024-03-22 13:36:10] [INFO] - 

Start calculating metrics for train_method: MLP | sampling_method: RandomOver
[2024-03-22 13:36:10] [INFO] - 

Start calculating metrics for train_method: MLP | sampling_method: SMOTE
[2024-03-22 13:36:10] [INFO] - 

Start calculating metrics for train_method: MLP | sampling_method: ADASYS
[2024-03-22 13:36:10] [INFO] - 

Start calculating metrics for train_method: MLP | sampling_method: KMeansSMOTE
[2024-03-22 13:36:11] [INFO] - 

Start calculating metrics for train_method: MLP | sampling_method: SMOTE-TOMEK
[2024-03-22 13:36:11] [INFO] - 

Start calculating metrics for train_method: MLP | sampling_method: SMOTE-ENN
[2024-03-22 13:36:11] [INFO] - 

Start calculating metrics for train_method: MLP-Cost | sampling_method: None
[2024-03-22 13:36:11] [INFO] - 

Start calculating metrics for train_method: MLP-Cost | sampling_method: RandomUnder
[2024-03-22 13:36:11] [INFO] - 

Start calculating metrics for train_method: MLP-Cost | sampling_method: ENN
[2024-03-22 13:36:12] [INFO] - 

Start calculating metrics for train_method: MLP-Cost | sampling_method: NCR
[2024-03-22 13:36:12] [INFO] - 

Start calculating metrics for train_method: MLP-Cost | sampling_method: TomekLinks
[2024-03-22 13:36:12] [INFO] - 

Start calculating metrics for train_method: MLP-Cost | sampling_method: RandomOver
[2024-03-22 13:36:12] [INFO] - 

Start calculating metrics for train_method: MLP-Cost | sampling_method: SMOTE
[2024-03-22 13:36:13] [INFO] - 

Start calculating metrics for train_method: MLP-Cost | sampling_method: ADASYS
[2024-03-22 13:36:13] [INFO] - 

Start calculating metrics for train_method: MLP-Cost | sampling_method: KMeansSMOTE
[2024-03-22 13:36:13] [INFO] - 

Start calculating metrics for train_method: MLP-Cost | sampling_method: SMOTE-TOMEK
[2024-03-22 13:36:13] [INFO] - 

Start calculating metrics for train_method: MLP-Cost | sampling_method: SMOTE-ENN
